android/build/app/intermediates/manifest_merge_blame_file/debug/manifest-merger-blame-debug-report.txt
1<?xml version="1.0" encoding="utf-8"?>
2<manifest xmlns:android="http://schemas.android.com/apk/res/android"
3    package="com.example.my_beautician"
4    android:versionCode="1"
5    android:versionName="1.0.0" >
6
7    <uses-sdk
8        android:minSdkVersion="16"
9        android:targetSdkVersion="29" />
10
11    <!--
12         io.flutter.app.FlutterApplication is an android.app.Application that
13         calls FlutterMain.startInitialization(this); in its onCreate method.
14         In most cases you can leave this as-is, but you if you want to provide
15         additional functionality it is fine to subclass or reimplement
16         FlutterApplication and put your custom class here.
17    -->
18    <uses-permission android:name="android.permission.ACCESS_FINE_LOCATION" />
18-->src\debug\AndroidManifest.xml:9:5-79
18-->src\debug\AndroidManifest.xml:9:22-76
19    <uses-permission android:name="android.permission.ACCESS_COARSE_LOCATION" />
19-->src\debug\AndroidManifest.xml:10:5-81
19-->src\debug\AndroidManifest.xml:10:22-78
20    <uses-permission android:name="android.permission.READ_EXTERNAL_STORAGE" />
20-->[:image_picker] AndroidManifest.xml:7:5-80
20-->[:image_picker] AndroidManifest.xml:7:22-77
21    <uses-permission android:name="android.permission.WRITE_EXTERNAL_STORAGE" /> <!-- Include required permissions for Google Maps API to run. -->
21-->[:image_picker] AndroidManifest.xml:8:5-81
21-->[:image_picker] AndroidManifest.xml:8:22-78
22    <uses-permission android:name="android.permission.ACCESS_NETWORK_STATE" />
22-->[com.google.android.gms:play-services-maps:17.0.0] AndroidManifest.xml:23:5-79
22-->[com.google.android.gms:play-services-maps:17.0.0] AndroidManifest.xml:23:22-76
23    <uses-permission android:name="android.permission.INTERNET" />
23-->[com.google.android.gms:play-services-maps:17.0.0] AndroidManifest.xml:24:5-67
23-->[com.google.android.gms:play-services-maps:17.0.0] AndroidManifest.xml:24:22-64
24
25    <uses-feature
25-->[com.google.android.gms:play-services-maps:17.0.0] AndroidManifest.xml:26:5-28:35
26        android:glEsVersion="0x00020000"
26-->[com.google.android.gms:play-services-maps:17.0.0] AndroidManifest.xml:27:9-41
27        android:required="true" />
27-->[com.google.android.gms:play-services-maps:17.0.0] AndroidManifest.xml:28:9-32
28
29    <application
29-->src\main\AndroidManifest.xml:9:5-32:19
30        android:name="io.flutter.app.FlutterApplication"
30-->src\main\AndroidManifest.xml:10:9-57
31        android:appComponentFactory="androidx.core.app.CoreComponentFactory"
31-->[androidx.core:core:1.0.2] AndroidManifest.xml:22:18-86
32        android:debuggable="true"
33        android:icon="@mipmap/ic_launcher"
33-->src\main\AndroidManifest.xml:12:9-43
34        android:label="my_beautician" >
34-->src\main\AndroidManifest.xml:11:9-38
35        <activity
35-->src\main\AndroidManifest.xml:13:9-31:20
36            android:name="com.example.my_beautician.MainActivity"
36-->src\main\AndroidManifest.xml:14:13-41
37            android:configChanges="orientation|keyboardHidden|keyboard|screenSize|locale|layoutDirection|fontScale|screenLayout|density|uiMode"
37-->src\main\AndroidManifest.xml:17:13-144
38            android:hardwareAccelerated="true"
38-->src\main\AndroidManifest.xml:18:13-47
39            android:launchMode="singleTop"
39-->src\main\AndroidManifest.xml:15:13-43
40            android:theme="@style/LaunchTheme"
40-->src\main\AndroidManifest.xml:16:13-47
41            android:windowSoftInputMode="adjustResize" >
41-->src\main\AndroidManifest.xml:19:13-55
42
43            <!--
44                 This keeps the window background of the activity showing
45                 until Flutter renders its first frame. It can be removed if
46                 there is no splash screen (such as the default splash screen
47                 defined in @style/LaunchTheme).
48            -->
49            <meta-data
49-->src\main\AndroidManifest.xml:24:13-26:40
50                android:name="io.flutter.app.android.SplashScreenUntilFirstFrame"
50-->src\main\AndroidManifest.xml:25:17-82
51                android:value="true" />
51-->src\main\AndroidManifest.xml:26:17-37
52
53            <intent-filter>
53-->src\main\AndroidManifest.xml:27:13-30:29
54                <action android:name="android.intent.action.MAIN" />
54-->src\main\AndroidManifest.xml:28:17-68
54-->src\main\AndroidManifest.xml:28:25-66
55
56                <category android:name="android.intent.category.LAUNCHER" />
56-->src\main\AndroidManifest.xml:29:17-76
56-->src\main\AndroidManifest.xml:29:27-74
57            </intent-filter>
58        </activity>
59
60        <meta-data
60-->src\debug\AndroidManifest.xml:35:9-36:77
61            android:name="com.google.android.geo.API_KEY"
61-->src\debug\AndroidManifest.xml:35:20-65
62            android:value="AIzaSyAvIHhXiQ7TxWE2L7WY_qP2WpBDrR7TWHk" />
62-->src\debug\AndroidManifest.xml:36:20-75
63
64        <uses-library
64-->src\debug\AndroidManifest.xml:37:9-87
65            android:name="org.apache.http.legacy"
65-->src\debug\AndroidManifest.xml:37:23-60
66            android:required="false" />
66-->src\debug\AndroidManifest.xml:37:61-85
67
68        <provider
68-->[:image_picker] AndroidManifest.xml:11:9-19:20
69            android:name="io.flutter.plugins.imagepicker.ImagePickerFileProvider"
69-->[:image_picker] AndroidManifest.xml:12:13-82
70            android:authorities="com.example.my_beautician.flutter.image_provider"
70-->[:image_picker] AndroidManifest.xml:13:13-74
71            android:exported="false"
71-->[:image_picker] AndroidManifest.xml:14:13-37
72            android:grantUriPermissions="true" >
72-->[:image_picker] AndroidManifest.xml:15:13-47
73            <meta-data
73-->[:image_picker] AndroidManifest.xml:16:13-18:75
74                android:name="android.support.FILE_PROVIDER_PATHS"
74-->[:image_picker] AndroidManifest.xml:17:17-67
75                android:resource="@xml/flutter_image_picker_file_paths" />
75-->[:image_picker] AndroidManifest.xml:18:17-72
76        </provider>
77
78        <activity
78-->[com.google.android.gms:play-services-base:17.0.0] AndroidManifest.xml:23:9-26:75
79            android:name="com.google.android.gms.common.api.GoogleApiActivity"
79-->[com.google.android.gms:play-services-base:17.0.0] AndroidManifest.xml:24:13-79
80            android:exported="false"
80-->[com.google.android.gms:play-services-base:17.0.0] AndroidManifest.xml:25:13-37
81            android:theme="@android:style/Theme.Translucent.NoTitleBar" />
81-->[com.google.android.gms:play-services-base:17.0.0] AndroidManifest.xml:26:13-72
82
83        <meta-data
83-->[com.google.android.gms:play-services-basement:17.0.0] AndroidManifest.xml:23:9-25:69
84            android:name="com.google.android.gms.version"
84-->[com.google.android.gms:play-services-basement:17.0.0] AndroidManifest.xml:24:13-58
85            android:value="@integer/google_play_services_version" />
85-->[com.google.android.gms:play-services-basement:17.0.0] AndroidManifest.xml:25:13-66
86    </application>
87
88</manifest>